<?xml version="1.0" encoding="UTF-8"?>
<testng-results ignored="0" total="1" passed="1" failed="0" skipped="0">
  <reporter-output>
  </reporter-output>
  <suite started-at="2021-11-26T11:05:04 IST" name="Default suite" finished-at="2021-11-26T11:05:39 IST" duration-ms="34400">
    <groups>
    </groups>
    <test started-at="2021-11-26T11:05:04 IST" name="Default test" finished-at="2021-11-26T11:05:39 IST" duration-ms="34400">
      <class name="com.mindtree.pageobject.SignInPage">
        <test-method is-config="true" signature="initialise()[pri:0, instance:com.mindtree.pageobject.SignInPage@1807e3f6]" started-at="2021-11-26T11:05:04 IST" name="initialise" finished-at="2021-11-26T11:05:08 IST" duration-ms="3665" status="PASS">
          <reporter-output>
          </reporter-output>
        </test-method> <!-- initialise -->
        <test-method signature="SignIn()[pri:0, instance:com.mindtree.pageobject.SignInPage@1807e3f6]" started-at="2021-11-26T11:05:08 IST" name="SignIn" finished-at="2021-11-26T11:05:36 IST" duration-ms="27744" status="PASS">
          <reporter-output>
          </reporter-output>
        </test-method> <!-- SignIn -->
        <test-method is-config="true" signature="close()[pri:0, instance:com.mindtree.pageobject.SignInPage@1807e3f6]" started-at="2021-11-26T11:05:36 IST" name="close" finished-at="2021-11-26T11:05:39 IST" duration-ms="2887" status="PASS">
          <reporter-output>
          </reporter-output>
        </test-method> <!-- close -->
      </class> <!-- com.mindtree.pageobject.SignInPage -->
    </test> <!-- Default test -->
  </suite> <!-- Default suite -->
</testng-results>
