<?xml version="1.0" encoding="UTF-8"?>
<testng-results ignored="0" total="1" passed="1" failed="0" skipped="0">
  <reporter-output>
  </reporter-output>
  <suite started-at="2021-11-18T16:59:17 IST" name="Default suite" finished-at="2021-11-18T17:00:06 IST" duration-ms="48964">
    <groups>
    </groups>
    <test started-at="2021-11-18T16:59:17 IST" name="Default test" finished-at="2021-11-18T17:00:06 IST" duration-ms="48964">
      <class name="com.mindtree.pageobject.GiftCard">
        <test-method is-config="true" signature="initialise()[pri:0, instance:com.mindtree.pageobject.GiftCard@55cb6996]" started-at="2021-11-18T16:59:17 IST" name="initialise" finished-at="2021-11-18T16:59:20 IST" duration-ms="3372" status="PASS">
          <reporter-output>
          </reporter-output>
        </test-method> <!-- initialise -->
        <test-method signature="giftCard()[pri:0, instance:com.mindtree.pageobject.GiftCard@55cb6996]" started-at="2021-11-18T16:59:20 IST" name="giftCard" finished-at="2021-11-18T17:00:06 IST" duration-ms="45518" status="PASS">
          <reporter-output>
          </reporter-output>
        </test-method> <!-- giftCard -->
      </class> <!-- com.mindtree.pageobject.GiftCard -->
    </test> <!-- Default test -->
  </suite> <!-- Default suite -->
</testng-results>
